--
-- PostgreSQL database dump
--

-- Dumped from database version 9.5.3
-- Dumped by pg_dump version 9.5.3

SET statement_timeout = 0;
SET lock_timeout = 0;
SET client_encoding = 'UTF8';
SET standard_conforming_strings = on;
SET check_function_bodies = false;
SET client_min_messages = warning;
SET row_security = off;

--
-- Name: plpgsql; Type: EXTENSION; Schema: -; Owner: 
--

CREATE EXTENSION IF NOT EXISTS plpgsql WITH SCHEMA pg_catalog;


--
-- Name: EXTENSION plpgsql; Type: COMMENT; Schema: -; Owner: 
--

COMMENT ON EXTENSION plpgsql IS 'PL/pgSQL procedural language';


SET search_path = public, pg_catalog;

SET default_tablespace = '';

SET default_with_oids = false;

--
-- Name: weather_data; Type: TABLE; Schema: public; Owner: phil
--

CREATE TABLE weather_data (
    weather_data_id bigint NOT NULL,
    weather_data_type_id bigint NOT NULL,
    weather_data_source_id bigint NOT NULL,
    weather_data_date_id bigint NOT NULL,
    weather_data_location_id bigint NOT NULL
);


ALTER TABLE weather_data OWNER TO phil;

--
-- Name: weather_data_point; Type: TABLE; Schema: public; Owner: phil
--

CREATE TABLE weather_data_point (
    weather_data_point_id bigint NOT NULL,
    weather_data_point_data_id bigint NOT NULL,
    weather_data_point_value text NOT NULL,
    weather_data_point_name_id bigint NOT NULL
);


ALTER TABLE weather_data_point OWNER TO phil;

--
-- Name: weather_data_point_name; Type: TABLE; Schema: public; Owner: phil
--

CREATE TABLE weather_data_point_name (
    weather_data_point_name_id bigint NOT NULL,
    weather_data_point_name_value text,
    weather_data_point_name_unit_id bigint NOT NULL
);


ALTER TABLE weather_data_point_name OWNER TO phil;

--
-- Name: weather_data_point_name_weather_data_point_name_id_seq; Type: SEQUENCE; Schema: public; Owner: phil
--

CREATE SEQUENCE weather_data_point_name_weather_data_point_name_id_seq
    START WITH 1
    INCREMENT BY 1
    NO MINVALUE
    NO MAXVALUE
    CACHE 1;


ALTER TABLE weather_data_point_name_weather_data_point_name_id_seq OWNER TO phil;

--
-- Name: weather_data_point_name_weather_data_point_name_id_seq; Type: SEQUENCE OWNED BY; Schema: public; Owner: phil
--

ALTER SEQUENCE weather_data_point_name_weather_data_point_name_id_seq OWNED BY weather_data_point_name.weather_data_point_name_id;


--
-- Name: weather_data_point_unit; Type: TABLE; Schema: public; Owner: phil
--

CREATE TABLE weather_data_point_unit (
    weather_data_point_unit_id bigint NOT NULL,
    weather_data_point_unit_name text NOT NULL
);


ALTER TABLE weather_data_point_unit OWNER TO phil;

--
-- Name: weather_data_point_unit_weather_data_point_unit_id_seq; Type: SEQUENCE; Schema: public; Owner: phil
--

CREATE SEQUENCE weather_data_point_unit_weather_data_point_unit_id_seq
    START WITH 1
    INCREMENT BY 1
    NO MINVALUE
    NO MAXVALUE
    CACHE 1;


ALTER TABLE weather_data_point_unit_weather_data_point_unit_id_seq OWNER TO phil;

--
-- Name: weather_data_point_unit_weather_data_point_unit_id_seq; Type: SEQUENCE OWNED BY; Schema: public; Owner: phil
--

ALTER SEQUENCE weather_data_point_unit_weather_data_point_unit_id_seq OWNED BY weather_data_point_unit.weather_data_point_unit_id;


--
-- Name: weather_data_point_weather_data_point_id_seq; Type: SEQUENCE; Schema: public; Owner: phil
--

CREATE SEQUENCE weather_data_point_weather_data_point_id_seq
    START WITH 1
    INCREMENT BY 1
    NO MINVALUE
    NO MAXVALUE
    CACHE 1;


ALTER TABLE weather_data_point_weather_data_point_id_seq OWNER TO phil;

--
-- Name: weather_data_point_weather_data_point_id_seq; Type: SEQUENCE OWNED BY; Schema: public; Owner: phil
--

ALTER SEQUENCE weather_data_point_weather_data_point_id_seq OWNED BY weather_data_point.weather_data_point_id;


--
-- Name: weather_data_type; Type: TABLE; Schema: public; Owner: phil
--

CREATE TABLE weather_data_type (
    weather_data_type_id bigint NOT NULL,
    weather_data_type_name text NOT NULL
);


ALTER TABLE weather_data_type OWNER TO phil;

--
-- Name: weather_data_type_weather_data_type_id_seq; Type: SEQUENCE; Schema: public; Owner: phil
--

CREATE SEQUENCE weather_data_type_weather_data_type_id_seq
    START WITH 1
    INCREMENT BY 1
    NO MINVALUE
    NO MAXVALUE
    CACHE 1;


ALTER TABLE weather_data_type_weather_data_type_id_seq OWNER TO phil;

--
-- Name: weather_data_type_weather_data_type_id_seq; Type: SEQUENCE OWNED BY; Schema: public; Owner: phil
--

ALTER SEQUENCE weather_data_type_weather_data_type_id_seq OWNED BY weather_data_type.weather_data_type_id;


--
-- Name: weather_data_weather_data_id_seq; Type: SEQUENCE; Schema: public; Owner: phil
--

CREATE SEQUENCE weather_data_weather_data_id_seq
    START WITH 1
    INCREMENT BY 1
    NO MINVALUE
    NO MAXVALUE
    CACHE 1;


ALTER TABLE weather_data_weather_data_id_seq OWNER TO phil;

--
-- Name: weather_data_weather_data_id_seq; Type: SEQUENCE OWNED BY; Schema: public; Owner: phil
--

ALTER SEQUENCE weather_data_weather_data_id_seq OWNED BY weather_data.weather_data_id;


--
-- Name: weather_date; Type: TABLE; Schema: public; Owner: phil
--

CREATE TABLE weather_date (
    weather_date_id bigint NOT NULL,
    weather_date_value date NOT NULL
);


ALTER TABLE weather_date OWNER TO phil;

--
-- Name: weather_date_weather_date_id_seq; Type: SEQUENCE; Schema: public; Owner: phil
--

CREATE SEQUENCE weather_date_weather_date_id_seq
    START WITH 1
    INCREMENT BY 1
    NO MINVALUE
    NO MAXVALUE
    CACHE 1;


ALTER TABLE weather_date_weather_date_id_seq OWNER TO phil;

--
-- Name: weather_date_weather_date_id_seq; Type: SEQUENCE OWNED BY; Schema: public; Owner: phil
--

ALTER SEQUENCE weather_date_weather_date_id_seq OWNED BY weather_date.weather_date_id;


--
-- Name: weather_location; Type: TABLE; Schema: public; Owner: phil
--

CREATE TABLE weather_location (
    weather_location_id bigint NOT NULL,
    weather_location_latitude numeric(10,6) NOT NULL,
    weather_location_longitude numeric(10,6) NOT NULL,
    weather_location_name text NOT NULL,
    weather_location_tz text NOT NULL
);


ALTER TABLE weather_location OWNER TO phil;

--
-- Name: weather_location_weather_location_id_seq; Type: SEQUENCE; Schema: public; Owner: phil
--

CREATE SEQUENCE weather_location_weather_location_id_seq
    START WITH 1
    INCREMENT BY 1
    NO MINVALUE
    NO MAXVALUE
    CACHE 1;


ALTER TABLE weather_location_weather_location_id_seq OWNER TO phil;

--
-- Name: weather_location_weather_location_id_seq; Type: SEQUENCE OWNED BY; Schema: public; Owner: phil
--

ALTER SEQUENCE weather_location_weather_location_id_seq OWNED BY weather_location.weather_location_id;


--
-- Name: weather_source; Type: TABLE; Schema: public; Owner: phil
--

CREATE TABLE weather_source (
    weather_source_id bigint NOT NULL,
    weather_source_name text NOT NULL
);


ALTER TABLE weather_source OWNER TO phil;

--
-- Name: weather_source_weather_source_id_seq; Type: SEQUENCE; Schema: public; Owner: phil
--

CREATE SEQUENCE weather_source_weather_source_id_seq
    START WITH 1
    INCREMENT BY 1
    NO MINVALUE
    NO MAXVALUE
    CACHE 1;


ALTER TABLE weather_source_weather_source_id_seq OWNER TO phil;

--
-- Name: weather_source_weather_source_id_seq; Type: SEQUENCE OWNED BY; Schema: public; Owner: phil
--

ALTER SEQUENCE weather_source_weather_source_id_seq OWNED BY weather_source.weather_source_id;


--
-- Name: weather_data_id; Type: DEFAULT; Schema: public; Owner: phil
--

ALTER TABLE ONLY weather_data ALTER COLUMN weather_data_id SET DEFAULT nextval('weather_data_weather_data_id_seq'::regclass);


--
-- Name: weather_data_point_id; Type: DEFAULT; Schema: public; Owner: phil
--

ALTER TABLE ONLY weather_data_point ALTER COLUMN weather_data_point_id SET DEFAULT nextval('weather_data_point_weather_data_point_id_seq'::regclass);


--
-- Name: weather_data_point_name_id; Type: DEFAULT; Schema: public; Owner: phil
--

ALTER TABLE ONLY weather_data_point_name ALTER COLUMN weather_data_point_name_id SET DEFAULT nextval('weather_data_point_name_weather_data_point_name_id_seq'::regclass);


--
-- Name: weather_data_point_unit_id; Type: DEFAULT; Schema: public; Owner: phil
--

ALTER TABLE ONLY weather_data_point_unit ALTER COLUMN weather_data_point_unit_id SET DEFAULT nextval('weather_data_point_unit_weather_data_point_unit_id_seq'::regclass);


--
-- Name: weather_data_type_id; Type: DEFAULT; Schema: public; Owner: phil
--

ALTER TABLE ONLY weather_data_type ALTER COLUMN weather_data_type_id SET DEFAULT nextval('weather_data_type_weather_data_type_id_seq'::regclass);


--
-- Name: weather_date_id; Type: DEFAULT; Schema: public; Owner: phil
--

ALTER TABLE ONLY weather_date ALTER COLUMN weather_date_id SET DEFAULT nextval('weather_date_weather_date_id_seq'::regclass);


--
-- Name: weather_location_id; Type: DEFAULT; Schema: public; Owner: phil
--

ALTER TABLE ONLY weather_location ALTER COLUMN weather_location_id SET DEFAULT nextval('weather_location_weather_location_id_seq'::regclass);


--
-- Name: weather_source_id; Type: DEFAULT; Schema: public; Owner: phil
--

ALTER TABLE ONLY weather_source ALTER COLUMN weather_source_id SET DEFAULT nextval('weather_source_weather_source_id_seq'::regclass);


--
-- Name: weather_data_id_point_name_key; Type: CONSTRAINT; Schema: public; Owner: phil
--

ALTER TABLE ONLY weather_data_point
    ADD CONSTRAINT weather_data_id_point_name_key UNIQUE (weather_data_point_data_id, weather_data_point_name_id);


--
-- Name: weather_data_pkey; Type: CONSTRAINT; Schema: public; Owner: phil
--

ALTER TABLE ONLY weather_data
    ADD CONSTRAINT weather_data_pkey PRIMARY KEY (weather_data_id);


--
-- Name: weather_data_point_name_pkey; Type: CONSTRAINT; Schema: public; Owner: phil
--

ALTER TABLE ONLY weather_data_point_name
    ADD CONSTRAINT weather_data_point_name_pkey PRIMARY KEY (weather_data_point_name_id);


--
-- Name: weather_data_point_name_weather_data_point_name_value_key; Type: CONSTRAINT; Schema: public; Owner: phil
--

ALTER TABLE ONLY weather_data_point_name
    ADD CONSTRAINT weather_data_point_name_weather_data_point_name_value_key UNIQUE (weather_data_point_name_value);


--
-- Name: weather_data_point_pkey; Type: CONSTRAINT; Schema: public; Owner: phil
--

ALTER TABLE ONLY weather_data_point
    ADD CONSTRAINT weather_data_point_pkey PRIMARY KEY (weather_data_point_id);


--
-- Name: weather_data_point_unit_name_key; Type: CONSTRAINT; Schema: public; Owner: phil
--

ALTER TABLE ONLY weather_data_point_unit
    ADD CONSTRAINT weather_data_point_unit_name_key UNIQUE (weather_data_point_unit_name);


--
-- Name: weather_data_point_unit_pkey; Type: CONSTRAINT; Schema: public; Owner: phil
--

ALTER TABLE ONLY weather_data_point_unit
    ADD CONSTRAINT weather_data_point_unit_pkey PRIMARY KEY (weather_data_point_unit_id);


--
-- Name: weather_data_type_name_key; Type: CONSTRAINT; Schema: public; Owner: phil
--

ALTER TABLE ONLY weather_data_type
    ADD CONSTRAINT weather_data_type_name_key UNIQUE (weather_data_type_name);


--
-- Name: weather_data_type_pkey; Type: CONSTRAINT; Schema: public; Owner: phil
--

ALTER TABLE ONLY weather_data_type
    ADD CONSTRAINT weather_data_type_pkey PRIMARY KEY (weather_data_type_id);


--
-- Name: weather_data_type_source_date_location_key; Type: CONSTRAINT; Schema: public; Owner: phil
--

ALTER TABLE ONLY weather_data
    ADD CONSTRAINT weather_data_type_source_date_location_key UNIQUE (weather_data_type_id, weather_data_source_id, weather_data_date_id, weather_data_location_id);


--
-- Name: weather_date_pkey; Type: CONSTRAINT; Schema: public; Owner: phil
--

ALTER TABLE ONLY weather_date
    ADD CONSTRAINT weather_date_pkey PRIMARY KEY (weather_date_id);


--
-- Name: weather_date_value_key; Type: CONSTRAINT; Schema: public; Owner: phil
--

ALTER TABLE ONLY weather_date
    ADD CONSTRAINT weather_date_value_key UNIQUE (weather_date_value);


--
-- Name: weather_location_latitude_longitude_key; Type: CONSTRAINT; Schema: public; Owner: phil
--

ALTER TABLE ONLY weather_location
    ADD CONSTRAINT weather_location_latitude_longitude_key UNIQUE (weather_location_latitude, weather_location_longitude);


--
-- Name: weather_location_pkey; Type: CONSTRAINT; Schema: public; Owner: phil
--

ALTER TABLE ONLY weather_location
    ADD CONSTRAINT weather_location_pkey PRIMARY KEY (weather_location_id);


--
-- Name: weather_source_name_key; Type: CONSTRAINT; Schema: public; Owner: phil
--

ALTER TABLE ONLY weather_source
    ADD CONSTRAINT weather_source_name_key UNIQUE (weather_source_name);


--
-- Name: weather_source_pkey; Type: CONSTRAINT; Schema: public; Owner: phil
--

ALTER TABLE ONLY weather_source
    ADD CONSTRAINT weather_source_pkey PRIMARY KEY (weather_source_id);


--
-- Name: weather_data_point_weather_data_point_data_id_fkey; Type: FK CONSTRAINT; Schema: public; Owner: phil
--

ALTER TABLE ONLY weather_data_point
    ADD CONSTRAINT weather_data_point_weather_data_point_data_id_fkey FOREIGN KEY (weather_data_point_data_id) REFERENCES weather_data(weather_data_id);


--
-- Name: public; Type: ACL; Schema: -; Owner: postgres
--

REVOKE ALL ON SCHEMA public FROM PUBLIC;
REVOKE ALL ON SCHEMA public FROM postgres;
GRANT ALL ON SCHEMA public TO postgres;
GRANT ALL ON SCHEMA public TO PUBLIC;


--
-- Name: weather_data; Type: ACL; Schema: public; Owner: phil
--

REVOKE ALL ON TABLE weather_data FROM PUBLIC;
REVOKE ALL ON TABLE weather_data FROM phil;
GRANT ALL ON TABLE weather_data TO phil;
GRANT ALL ON TABLE weather_data TO weather_accuracy;


--
-- Name: weather_data_point; Type: ACL; Schema: public; Owner: phil
--

REVOKE ALL ON TABLE weather_data_point FROM PUBLIC;
REVOKE ALL ON TABLE weather_data_point FROM phil;
GRANT ALL ON TABLE weather_data_point TO phil;
GRANT ALL ON TABLE weather_data_point TO weather_accuracy;


--
-- Name: weather_data_point_name; Type: ACL; Schema: public; Owner: phil
--

REVOKE ALL ON TABLE weather_data_point_name FROM PUBLIC;
REVOKE ALL ON TABLE weather_data_point_name FROM phil;
GRANT ALL ON TABLE weather_data_point_name TO phil;
GRANT ALL ON TABLE weather_data_point_name TO weather_accuracy;


--
-- Name: weather_data_point_name_weather_data_point_name_id_seq; Type: ACL; Schema: public; Owner: phil
--

REVOKE ALL ON SEQUENCE weather_data_point_name_weather_data_point_name_id_seq FROM PUBLIC;
REVOKE ALL ON SEQUENCE weather_data_point_name_weather_data_point_name_id_seq FROM phil;
GRANT ALL ON SEQUENCE weather_data_point_name_weather_data_point_name_id_seq TO phil;
GRANT ALL ON SEQUENCE weather_data_point_name_weather_data_point_name_id_seq TO weather_accuracy;


--
-- Name: weather_data_point_unit; Type: ACL; Schema: public; Owner: phil
--

REVOKE ALL ON TABLE weather_data_point_unit FROM PUBLIC;
REVOKE ALL ON TABLE weather_data_point_unit FROM phil;
GRANT ALL ON TABLE weather_data_point_unit TO phil;
GRANT ALL ON TABLE weather_data_point_unit TO weather_accuracy;


--
-- Name: weather_data_point_unit_weather_data_point_unit_id_seq; Type: ACL; Schema: public; Owner: phil
--

REVOKE ALL ON SEQUENCE weather_data_point_unit_weather_data_point_unit_id_seq FROM PUBLIC;
REVOKE ALL ON SEQUENCE weather_data_point_unit_weather_data_point_unit_id_seq FROM phil;
GRANT ALL ON SEQUENCE weather_data_point_unit_weather_data_point_unit_id_seq TO phil;
GRANT SELECT ON SEQUENCE weather_data_point_unit_weather_data_point_unit_id_seq TO schemaspy;
GRANT ALL ON SEQUENCE weather_data_point_unit_weather_data_point_unit_id_seq TO weather_accuracy;


--
-- Name: weather_data_point_weather_data_point_id_seq; Type: ACL; Schema: public; Owner: phil
--

REVOKE ALL ON SEQUENCE weather_data_point_weather_data_point_id_seq FROM PUBLIC;
REVOKE ALL ON SEQUENCE weather_data_point_weather_data_point_id_seq FROM phil;
GRANT ALL ON SEQUENCE weather_data_point_weather_data_point_id_seq TO phil;
GRANT SELECT ON SEQUENCE weather_data_point_weather_data_point_id_seq TO schemaspy;
GRANT ALL ON SEQUENCE weather_data_point_weather_data_point_id_seq TO weather_accuracy;


--
-- Name: weather_data_type; Type: ACL; Schema: public; Owner: phil
--

REVOKE ALL ON TABLE weather_data_type FROM PUBLIC;
REVOKE ALL ON TABLE weather_data_type FROM phil;
GRANT ALL ON TABLE weather_data_type TO phil;
GRANT ALL ON TABLE weather_data_type TO weather_accuracy;


--
-- Name: weather_data_type_weather_data_type_id_seq; Type: ACL; Schema: public; Owner: phil
--

REVOKE ALL ON SEQUENCE weather_data_type_weather_data_type_id_seq FROM PUBLIC;
REVOKE ALL ON SEQUENCE weather_data_type_weather_data_type_id_seq FROM phil;
GRANT ALL ON SEQUENCE weather_data_type_weather_data_type_id_seq TO phil;
GRANT SELECT ON SEQUENCE weather_data_type_weather_data_type_id_seq TO schemaspy;
GRANT ALL ON SEQUENCE weather_data_type_weather_data_type_id_seq TO weather_accuracy;


--
-- Name: weather_data_weather_data_id_seq; Type: ACL; Schema: public; Owner: phil
--

REVOKE ALL ON SEQUENCE weather_data_weather_data_id_seq FROM PUBLIC;
REVOKE ALL ON SEQUENCE weather_data_weather_data_id_seq FROM phil;
GRANT ALL ON SEQUENCE weather_data_weather_data_id_seq TO phil;
GRANT SELECT ON SEQUENCE weather_data_weather_data_id_seq TO schemaspy;
GRANT ALL ON SEQUENCE weather_data_weather_data_id_seq TO weather_accuracy;


--
-- Name: weather_date; Type: ACL; Schema: public; Owner: phil
--

REVOKE ALL ON TABLE weather_date FROM PUBLIC;
REVOKE ALL ON TABLE weather_date FROM phil;
GRANT ALL ON TABLE weather_date TO phil;
GRANT ALL ON TABLE weather_date TO weather_accuracy;


--
-- Name: weather_date_weather_date_id_seq; Type: ACL; Schema: public; Owner: phil
--

REVOKE ALL ON SEQUENCE weather_date_weather_date_id_seq FROM PUBLIC;
REVOKE ALL ON SEQUENCE weather_date_weather_date_id_seq FROM phil;
GRANT ALL ON SEQUENCE weather_date_weather_date_id_seq TO phil;
GRANT SELECT ON SEQUENCE weather_date_weather_date_id_seq TO schemaspy;
GRANT ALL ON SEQUENCE weather_date_weather_date_id_seq TO weather_accuracy;


--
-- Name: weather_location; Type: ACL; Schema: public; Owner: phil
--

REVOKE ALL ON TABLE weather_location FROM PUBLIC;
REVOKE ALL ON TABLE weather_location FROM phil;
GRANT ALL ON TABLE weather_location TO phil;
GRANT ALL ON TABLE weather_location TO weather_accuracy;


--
-- Name: weather_location_weather_location_id_seq; Type: ACL; Schema: public; Owner: phil
--

REVOKE ALL ON SEQUENCE weather_location_weather_location_id_seq FROM PUBLIC;
REVOKE ALL ON SEQUENCE weather_location_weather_location_id_seq FROM phil;
GRANT ALL ON SEQUENCE weather_location_weather_location_id_seq TO phil;
GRANT ALL ON SEQUENCE weather_location_weather_location_id_seq TO weather_accuracy;


--
-- Name: weather_source; Type: ACL; Schema: public; Owner: phil
--

REVOKE ALL ON TABLE weather_source FROM PUBLIC;
REVOKE ALL ON TABLE weather_source FROM phil;
GRANT ALL ON TABLE weather_source TO phil;
GRANT ALL ON TABLE weather_source TO weather_accuracy;


--
-- Name: weather_source_weather_source_id_seq; Type: ACL; Schema: public; Owner: phil
--

REVOKE ALL ON SEQUENCE weather_source_weather_source_id_seq FROM PUBLIC;
REVOKE ALL ON SEQUENCE weather_source_weather_source_id_seq FROM phil;
GRANT ALL ON SEQUENCE weather_source_weather_source_id_seq TO phil;
GRANT SELECT ON SEQUENCE weather_source_weather_source_id_seq TO schemaspy;
GRANT ALL ON SEQUENCE weather_source_weather_source_id_seq TO weather_accuracy;


--
-- PostgreSQL database dump complete
--

